  [1m[35m (472.6ms)[0m  [1m[35mCREATE DATABASE "reddit_on_rails_development" ENCODING = 'unicode'[0m
  ↳ bin/rails:9
  [1m[35m (278.0ms)[0m  [1m[35mCREATE DATABASE "reddit_on_rails_test" ENCODING = 'unicode'[0m
  ↳ bin/rails:9
  [1m[35m (8.5ms)[0m  [1m[35mCREATE TABLE "schema_migrations" ("version" character varying NOT NULL PRIMARY KEY)[0m
  ↳ bin/rails:9
  [1m[35m (4.3ms)[0m  [1m[35mCREATE TABLE "ar_internal_metadata" ("key" character varying NOT NULL PRIMARY KEY, "value" character varying, "created_at" timestamp NOT NULL, "updated_at" timestamp NOT NULL)[0m
  ↳ bin/rails:9
  [1m[35m (0.5ms)[0m  [1m[34mSELECT pg_try_advisory_lock(47923286702875395)[0m
  ↳ bin/rails:9
  [1m[35m (0.8ms)[0m  [1m[34mSELECT "schema_migrations"."version" FROM "schema_migrations" ORDER BY "schema_migrations"."version" ASC[0m
  ↳ bin/rails:9
Migrating to CreateUsers (20190205182157)
  [1m[35m (0.3ms)[0m  [1m[35mBEGIN[0m
  ↳ bin/rails:9
  [1m[35m (6.4ms)[0m  [1m[35mCREATE TABLE "users" ("id" bigserial primary key, "username" character varying NOT NULL, "password_digest" character varying NOT NULL, "session_token" character varying NOT NULL, "created_at" timestamp NOT NULL, "updated_at" timestamp NOT NULL)[0m
  ↳ db/migrate/20190205182157_create_users.rb:3
  [1m[35m (1.4ms)[0m  [1m[35mCREATE UNIQUE INDEX  "index_users_on_username" ON "users"  ("username")[0m
  ↳ db/migrate/20190205182157_create_users.rb:9
  [1m[35m (1.2ms)[0m  [1m[35mCREATE UNIQUE INDEX  "index_users_on_session_token" ON "users"  ("session_token")[0m
  ↳ db/migrate/20190205182157_create_users.rb:10
  [1m[36mActiveRecord::SchemaMigration Create (0.9ms)[0m  [1m[32mINSERT INTO "schema_migrations" ("version") VALUES ($1) RETURNING "version"[0m  [["version", "20190205182157"]]
  ↳ bin/rails:9
  [1m[35m (0.8ms)[0m  [1m[35mCOMMIT[0m
  ↳ bin/rails:9
  [1m[36mActiveRecord::InternalMetadata Load (0.6ms)[0m  [1m[34mSELECT  "ar_internal_metadata".* FROM "ar_internal_metadata" WHERE "ar_internal_metadata"."key" = $1 LIMIT $2[0m  [["key", "environment"], ["LIMIT", 1]]
  ↳ bin/rails:9
  [1m[35m (0.2ms)[0m  [1m[35mBEGIN[0m
  ↳ bin/rails:9
  [1m[36mActiveRecord::InternalMetadata Create (0.9ms)[0m  [1m[32mINSERT INTO "ar_internal_metadata" ("key", "value", "created_at", "updated_at") VALUES ($1, $2, $3, $4) RETURNING "key"[0m  [["key", "environment"], ["value", "development"], ["created_at", "2019-02-05 18:25:00.518010"], ["updated_at", "2019-02-05 18:25:00.518010"]]
  ↳ bin/rails:9
  [1m[35m (0.4ms)[0m  [1m[35mCOMMIT[0m
  ↳ bin/rails:9
  [1m[35m (0.3ms)[0m  [1m[34mSELECT pg_advisory_unlock(47923286702875395)[0m
  ↳ bin/rails:9
  [1m[35m (0.5ms)[0m  [1m[34mSELECT "schema_migrations"."version" FROM "schema_migrations" ORDER BY "schema_migrations"."version" ASC[0m
  ↳ bin/rails:9
  [1m[35m (0.2ms)[0m  [1m[34mSELECT pg_try_advisory_lock(47923286702875395)[0m
  ↳ bin/rails:9
  [1m[35m (1.1ms)[0m  [1m[34mSELECT "schema_migrations"."version" FROM "schema_migrations" ORDER BY "schema_migrations"."version" ASC[0m
  ↳ bin/rails:9
Migrating to CreateSubs (20190205191812)
  [1m[35m (0.3ms)[0m  [1m[35mBEGIN[0m
  ↳ bin/rails:9
  [1m[35m (7.1ms)[0m  [1m[35mCREATE TABLE "subs" ("id" bigserial primary key, "title" character varying NOT NULL, "description" character varying NOT NULL, "moderator_id" integer NOT NULL, "created_at" timestamp NOT NULL, "updated_at" timestamp NOT NULL)[0m
  ↳ db/migrate/20190205191812_create_subs.rb:3
  [1m[35m (1.3ms)[0m  [1m[35mCREATE  INDEX  "index_subs_on_moderator_id" ON "subs"  ("moderator_id")[0m
  ↳ db/migrate/20190205191812_create_subs.rb:9
  [1m[36mActiveRecord::SchemaMigration Create (0.5ms)[0m  [1m[32mINSERT INTO "schema_migrations" ("version") VALUES ($1) RETURNING "version"[0m  [["version", "20190205191812"]]
  ↳ bin/rails:9
  [1m[35m (1.2ms)[0m  [1m[35mCOMMIT[0m
  ↳ bin/rails:9
  [1m[36mActiveRecord::InternalMetadata Load (22.2ms)[0m  [1m[34mSELECT  "ar_internal_metadata".* FROM "ar_internal_metadata" WHERE "ar_internal_metadata"."key" = $1 LIMIT $2[0m  [["key", "environment"], ["LIMIT", 1]]
  ↳ bin/rails:9
  [1m[35m (0.3ms)[0m  [1m[35mBEGIN[0m
  ↳ bin/rails:9
  [1m[35m (0.3ms)[0m  [1m[35mCOMMIT[0m
  ↳ bin/rails:9
  [1m[35m (0.5ms)[0m  [1m[34mSELECT pg_advisory_unlock(47923286702875395)[0m
  ↳ bin/rails:9
  [1m[35m (0.6ms)[0m  [1m[34mSELECT "schema_migrations"."version" FROM "schema_migrations" ORDER BY "schema_migrations"."version" ASC[0m
  ↳ bin/rails:9
  [1m[35m (1.0ms)[0m  [1m[34mSELECT "schema_migrations"."version" FROM "schema_migrations" ORDER BY "schema_migrations"."version" ASC[0m
  ↳ /usr/local/var/rbenv/versions/2.5.0/bin/annotate:23
  [1m[35m (0.4ms)[0m  [1m[34mSELECT pg_try_advisory_lock(47923286702875395)[0m
  ↳ bin/rails:9
  [1m[35m (1.5ms)[0m  [1m[34mSELECT "schema_migrations"."version" FROM "schema_migrations" ORDER BY "schema_migrations"."version" ASC[0m
  ↳ bin/rails:9
Migrating to CreatePosts (20190205194951)
  [1m[35m (0.3ms)[0m  [1m[35mBEGIN[0m
  ↳ bin/rails:9
  [1m[35m (26.7ms)[0m  [1m[35mCREATE TABLE "posts" ("id" bigserial primary key, "title" character varying NOT NULL, "url" character varying, "content" text, "sub_id" integer NOT NULL, "author_id" integer NOT NULL, "created_at" timestamp NOT NULL, "updated_at" timestamp NOT NULL)[0m
  ↳ db/migrate/20190205194951_create_posts.rb:3
  [1m[35m (1.3ms)[0m  [1m[35mCREATE  INDEX  "index_posts_on_sub_id" ON "posts"  ("sub_id")[0m
  ↳ db/migrate/20190205194951_create_posts.rb:11
  [1m[35m (1.3ms)[0m  [1m[35mCREATE  INDEX  "index_posts_on_author_id" ON "posts"  ("author_id")[0m
  ↳ db/migrate/20190205194951_create_posts.rb:12
  [1m[36mActiveRecord::SchemaMigration Create (0.7ms)[0m  [1m[32mINSERT INTO "schema_migrations" ("version") VALUES ($1) RETURNING "version"[0m  [["version", "20190205194951"]]
  ↳ bin/rails:9
  [1m[35m (1.3ms)[0m  [1m[35mCOMMIT[0m
  ↳ bin/rails:9
  [1m[36mActiveRecord::InternalMetadata Load (0.6ms)[0m  [1m[34mSELECT  "ar_internal_metadata".* FROM "ar_internal_metadata" WHERE "ar_internal_metadata"."key" = $1 LIMIT $2[0m  [["key", "environment"], ["LIMIT", 1]]
  ↳ bin/rails:9
  [1m[35m (0.2ms)[0m  [1m[35mBEGIN[0m
  ↳ bin/rails:9
  [1m[35m (0.2ms)[0m  [1m[35mCOMMIT[0m
  ↳ bin/rails:9
  [1m[35m (0.3ms)[0m  [1m[34mSELECT pg_advisory_unlock(47923286702875395)[0m
  ↳ bin/rails:9
  [1m[35m (0.3ms)[0m  [1m[34mSELECT "schema_migrations"."version" FROM "schema_migrations" ORDER BY "schema_migrations"."version" ASC[0m
  ↳ bin/rails:9
  [1m[35m (1.0ms)[0m  [1m[34mSELECT "schema_migrations"."version" FROM "schema_migrations" ORDER BY "schema_migrations"."version" ASC[0m
  ↳ /usr/local/var/rbenv/versions/2.5.0/bin/annotate:23
Started GET "/" for 127.0.0.1 at 2019-02-05 14:45:55 -0800
  [1m[35m (1.4ms)[0m  [1m[34mSELECT "schema_migrations"."version" FROM "schema_migrations" ORDER BY "schema_migrations"."version" ASC[0m
  ↳ /usr/local/var/rbenv/versions/2.5.0/lib/ruby/gems/2.5.0/gems/activerecord-5.2.2/lib/active_record/log_subscriber.rb:98

ActiveRecord::PendingMigrationError - Migrations are pending. To resolve this issue, run:

        bin/rails db:migrate RAILS_ENV=development

:

Started POST "/__better_errors/0bbaeecf3b793f7f/variables" for 127.0.0.1 at 2019-02-05 14:45:55 -0800
  [1m[35m (0.2ms)[0m  [1m[34mSELECT pg_try_advisory_lock(47923286702875395)[0m
  ↳ bin/rails:9
  [1m[35m (1.4ms)[0m  [1m[34mSELECT "schema_migrations"."version" FROM "schema_migrations" ORDER BY "schema_migrations"."version" ASC[0m
  ↳ bin/rails:9
Migrating to CreatePostSubs (20190205220818)
  [1m[35m (0.2ms)[0m  [1m[35mBEGIN[0m
  ↳ bin/rails:9
  [1m[35m (19.7ms)[0m  [1m[35mCREATE TABLE "post_subs" ("id" bigserial primary key, "post_id" integer NOT NULL, "sub_id" integer NOT NULL, "created_at" timestamp NOT NULL, "updated_at" timestamp NOT NULL)[0m
  ↳ db/migrate/20190205220818_create_post_subs.rb:3
  [1m[35m (1.5ms)[0m  [1m[35mCREATE  INDEX  "index_post_subs_on_post_id" ON "post_subs"  ("post_id")[0m
  ↳ db/migrate/20190205220818_create_post_subs.rb:8
  [1m[35m (1.1ms)[0m  [1m[35mCREATE  INDEX  "index_post_subs_on_sub_id" ON "post_subs"  ("sub_id")[0m
  ↳ db/migrate/20190205220818_create_post_subs.rb:9
  [1m[36mActiveRecord::SchemaMigration Create (0.8ms)[0m  [1m[32mINSERT INTO "schema_migrations" ("version") VALUES ($1) RETURNING "version"[0m  [["version", "20190205220818"]]
  ↳ bin/rails:9
  [1m[35m (1.3ms)[0m  [1m[35mCOMMIT[0m
  ↳ bin/rails:9
  [1m[36mActiveRecord::InternalMetadata Load (0.6ms)[0m  [1m[34mSELECT  "ar_internal_metadata".* FROM "ar_internal_metadata" WHERE "ar_internal_metadata"."key" = $1 LIMIT $2[0m  [["key", "environment"], ["LIMIT", 1]]
  ↳ bin/rails:9
  [1m[35m (0.2ms)[0m  [1m[35mBEGIN[0m
  ↳ bin/rails:9
  [1m[35m (0.3ms)[0m  [1m[35mCOMMIT[0m
  ↳ bin/rails:9
  [1m[35m (0.5ms)[0m  [1m[34mSELECT pg_advisory_unlock(47923286702875395)[0m
  ↳ bin/rails:9
  [1m[35m (0.4ms)[0m  [1m[34mSELECT "schema_migrations"."version" FROM "schema_migrations" ORDER BY "schema_migrations"."version" ASC[0m
  ↳ bin/rails:9
Started GET "/" for 127.0.0.1 at 2019-02-05 14:47:35 -0800
  [1m[35m (0.3ms)[0m  [1m[34mSELECT "schema_migrations"."version" FROM "schema_migrations" ORDER BY "schema_migrations"."version" ASC[0m
  ↳ /usr/local/var/rbenv/versions/2.5.0/lib/ruby/gems/2.5.0/gems/activerecord-5.2.2/lib/active_record/log_subscriber.rb:98
Processing by Rails::WelcomeController#index as HTML
  Rendering /usr/local/var/rbenv/versions/2.5.0/lib/ruby/gems/2.5.0/gems/railties-5.2.2/lib/rails/templates/rails/welcome/index.html.erb
  Rendered /usr/local/var/rbenv/versions/2.5.0/lib/ruby/gems/2.5.0/gems/railties-5.2.2/lib/rails/templates/rails/welcome/index.html.erb (6.5ms)
Completed 200 OK in 71ms (Views: 37.3ms | ActiveRecord: 0.0ms)


Started GET "/session/new" for 127.0.0.1 at 2019-02-05 14:47:47 -0800
Processing by SessionsController#new as HTML
  Rendering sessions/new.html.erb within layouts/application
  Rendered sessions/new.html.erb within layouts/application (0.8ms)
Completed 200 OK in 1106ms (Views: 1104.9ms | ActiveRecord: 0.0ms)


Started GET "/session/new" for 127.0.0.1 at 2019-02-05 14:52:13 -0800
Processing by SessionsController#new as HTML
  Rendering sessions/new.html.erb within layouts/application
  Rendered sessions/new.html.erb within layouts/application (1.5ms)
Completed 200 OK in 186ms (Views: 185.1ms | ActiveRecord: 0.0ms)


Started GET "/session/new" for 127.0.0.1 at 2019-02-05 14:52:15 -0800
Processing by SessionsController#new as HTML
  Rendering sessions/new.html.erb within layouts/application
  Rendered sessions/new.html.erb within layouts/application (1.1ms)
Completed 200 OK in 41ms (Views: 39.9ms | ActiveRecord: 0.0ms)


Started GET "/session/new" for 127.0.0.1 at 2019-02-05 14:56:37 -0800
Processing by SessionsController#new as HTML
  Rendering sessions/new.html.erb within layouts/application
  Rendered sessions/new.html.erb within layouts/application (0.9ms)
Completed 200 OK in 65ms (Views: 63.8ms | ActiveRecord: 0.0ms)


Started GET "/session/new" for 127.0.0.1 at 2019-02-05 14:57:08 -0800
Processing by SessionsController#new as HTML
  Rendering sessions/new.html.erb within layouts/application
  Rendered sessions/new.html.erb within layouts/application (1.0ms)
Completed 200 OK in 38ms (Views: 37.0ms | ActiveRecord: 0.0ms)


Started GET "/user/new" for 127.0.0.1 at 2019-02-05 14:57:26 -0800

NameError - uninitialized constant UserController:

Started POST "/__better_errors/c60a40b590379566/variables" for 127.0.0.1 at 2019-02-05 14:57:26 -0800
Started GET "/session/new" for 127.0.0.1 at 2019-02-05 14:57:28 -0800
Processing by SessionsController#new as HTML
  Rendering sessions/new.html.erb within layouts/application
  Rendered sessions/new.html.erb within layouts/application (1.0ms)
Completed 200 OK in 45ms (Views: 44.0ms | ActiveRecord: 0.0ms)


Started GET "/users/new" for 127.0.0.1 at 2019-02-05 14:59:10 -0800
  
ActionController::RoutingError (No route matches [GET] "/users/new"):
  
actionpack (5.2.2) lib/action_dispatch/middleware/debug_exceptions.rb:65:in `call'
web-console (3.7.0) lib/web_console/middleware.rb:135:in `call_app'
web-console (3.7.0) lib/web_console/middleware.rb:30:in `block in call'
web-console (3.7.0) lib/web_console/middleware.rb:20:in `catch'
web-console (3.7.0) lib/web_console/middleware.rb:20:in `call'
actionpack (5.2.2) lib/action_dispatch/middleware/show_exceptions.rb:33:in `call'
railties (5.2.2) lib/rails/rack/logger.rb:38:in `call_app'
railties (5.2.2) lib/rails/rack/logger.rb:26:in `block in call'
activesupport (5.2.2) lib/active_support/tagged_logging.rb:71:in `block in tagged'
activesupport (5.2.2) lib/active_support/tagged_logging.rb:28:in `tagged'
activesupport (5.2.2) lib/active_support/tagged_logging.rb:71:in `tagged'
railties (5.2.2) lib/rails/rack/logger.rb:26:in `call'
sprockets-rails (3.2.1) lib/sprockets/rails/quiet_assets.rb:13:in `call'
actionpack (5.2.2) lib/action_dispatch/middleware/remote_ip.rb:81:in `call'
actionpack (5.2.2) lib/action_dispatch/middleware/request_id.rb:27:in `call'
rack (2.0.6) lib/rack/method_override.rb:22:in `call'
rack (2.0.6) lib/rack/runtime.rb:22:in `call'
activesupport (5.2.2) lib/active_support/cache/strategy/local_cache_middleware.rb:29:in `call'
actionpack (5.2.2) lib/action_dispatch/middleware/executor.rb:14:in `call'
actionpack (5.2.2) lib/action_dispatch/middleware/static.rb:127:in `call'
rack (2.0.6) lib/rack/sendfile.rb:111:in `call'
railties (5.2.2) lib/rails/engine.rb:524:in `call'
puma (3.12.0) lib/puma/configuration.rb:225:in `call'
puma (3.12.0) lib/puma/server.rb:658:in `handle_request'
puma (3.12.0) lib/puma/server.rb:472:in `process_client'
puma (3.12.0) lib/puma/server.rb:332:in `block in run'
puma (3.12.0) lib/puma/thread_pool.rb:133:in `block in spawn_thread'
Started GET "/user/new" for 127.0.0.1 at 2019-02-05 14:59:29 -0800

NameError - uninitialized constant UserController:

Started POST "/__better_errors/62dc0cffd284abcb/variables" for 127.0.0.1 at 2019-02-05 14:59:29 -0800
Started GET "/user/new" for 127.0.0.1 at 2019-02-05 15:01:25 -0800
  
ActionController::RoutingError (No route matches [GET] "/user/new"):
  
actionpack (5.2.2) lib/action_dispatch/middleware/debug_exceptions.rb:65:in `call'
web-console (3.7.0) lib/web_console/middleware.rb:135:in `call_app'
web-console (3.7.0) lib/web_console/middleware.rb:30:in `block in call'
web-console (3.7.0) lib/web_console/middleware.rb:20:in `catch'
web-console (3.7.0) lib/web_console/middleware.rb:20:in `call'
actionpack (5.2.2) lib/action_dispatch/middleware/show_exceptions.rb:33:in `call'
railties (5.2.2) lib/rails/rack/logger.rb:38:in `call_app'
railties (5.2.2) lib/rails/rack/logger.rb:26:in `block in call'
activesupport (5.2.2) lib/active_support/tagged_logging.rb:71:in `block in tagged'
activesupport (5.2.2) lib/active_support/tagged_logging.rb:28:in `tagged'
activesupport (5.2.2) lib/active_support/tagged_logging.rb:71:in `tagged'
railties (5.2.2) lib/rails/rack/logger.rb:26:in `call'
sprockets-rails (3.2.1) lib/sprockets/rails/quiet_assets.rb:13:in `call'
actionpack (5.2.2) lib/action_dispatch/middleware/remote_ip.rb:81:in `call'
actionpack (5.2.2) lib/action_dispatch/middleware/request_id.rb:27:in `call'
rack (2.0.6) lib/rack/method_override.rb:22:in `call'
rack (2.0.6) lib/rack/runtime.rb:22:in `call'
activesupport (5.2.2) lib/active_support/cache/strategy/local_cache_middleware.rb:29:in `call'
actionpack (5.2.2) lib/action_dispatch/middleware/executor.rb:14:in `call'
actionpack (5.2.2) lib/action_dispatch/middleware/static.rb:127:in `call'
rack (2.0.6) lib/rack/sendfile.rb:111:in `call'
railties (5.2.2) lib/rails/engine.rb:524:in `call'
puma (3.12.0) lib/puma/configuration.rb:225:in `call'
puma (3.12.0) lib/puma/server.rb:658:in `handle_request'
puma (3.12.0) lib/puma/server.rb:472:in `process_client'
puma (3.12.0) lib/puma/server.rb:332:in `block in run'
puma (3.12.0) lib/puma/thread_pool.rb:133:in `block in spawn_thread'
Started GET "/users/new" for 127.0.0.1 at 2019-02-05 15:01:33 -0800
Processing by UsersController#new as HTML
  Rendering users/new.html.erb within layouts/application
  Rendered users/new.html.erb within layouts/application (0.9ms)
Completed 200 OK in 111ms (Views: 31.7ms | ActiveRecord: 9.4ms)


Started POST "/subs" for 127.0.0.1 at 2019-02-05 15:02:01 -0800
Processing by SubsController#create as HTML
  Parameters: {"authenticity_token"=>"xBuLDOtt36YeLAU7IxZhIjXuyor42JFIHQ+fu7QkbYdMD3L9/4ngcyKkGZuapRYtZ6DiDQtX8tlvgV156Gb1bw==", "user"=>{"username"=>"romebell", "password"=>"[FILTERED]"}}
  [1m[36mUser Load (59.5ms)[0m  [1m[34mSELECT  "users".* FROM "users" WHERE "users"."session_token" IS NULL LIMIT $1[0m  [["LIMIT", 1]]
  ↳ app/controllers/application_controller.rb:12
Redirected to http://localhost:3000/session/new
Filter chain halted as :require_login rendered or redirected
Completed 302 Found in 115ms (ActiveRecord: 59.5ms)


Started GET "/session/new" for 127.0.0.1 at 2019-02-05 15:02:01 -0800
Processing by SessionsController#new as HTML
  Rendering sessions/new.html.erb within layouts/application
  Rendered sessions/new.html.erb within layouts/application (1.0ms)
Completed 200 OK in 105ms (Views: 104.1ms | ActiveRecord: 0.0ms)


Started GET "/users/new" for 127.0.0.1 at 2019-02-05 15:06:50 -0800
Processing by UsersController#new as HTML
  Rendering users/new.html.erb within layouts/application
  Rendered users/new.html.erb within layouts/application (1.3ms)
Completed 200 OK in 183ms (Views: 115.1ms | ActiveRecord: 6.5ms)


Started POST "/subs" for 127.0.0.1 at 2019-02-05 15:07:03 -0800
Processing by SubsController#create as HTML
  Parameters: {"authenticity_token"=>"OM+hub0IajNeI2SQEMqJNnu6GeXqbtHKzyA0LL1Bnjyw21hIqexV5mKreDCpef45KfQxYhnhslu9rvbu4QMG1A==", "user"=>{"username"=>"romebell", "password"=>"[FILTERED]"}}
  [1m[36mUser Load (0.5ms)[0m  [1m[34mSELECT  "users".* FROM "users" WHERE "users"."session_token" IS NULL LIMIT $1[0m  [["LIMIT", 1]]
  ↳ app/controllers/application_controller.rb:12
Redirected to http://localhost:3000/session/new
Filter chain halted as :require_login rendered or redirected
Completed 302 Found in 19ms (ActiveRecord: 0.5ms)


Started GET "/session/new" for 127.0.0.1 at 2019-02-05 15:07:03 -0800
Processing by SessionsController#new as HTML
  Rendering sessions/new.html.erb within layouts/application
  Rendered sessions/new.html.erb within layouts/application (1.0ms)
Completed 200 OK in 48ms (Views: 46.9ms | ActiveRecord: 0.0ms)


Started GET "/session/new" for 127.0.0.1 at 2019-02-05 15:13:07 -0800
Processing by SessionsController#new as HTML
  Rendering sessions/new.html.erb within layouts/application
  Rendered sessions/new.html.erb within layouts/application (0.8ms)
Completed 200 OK in 73ms (Views: 71.1ms | ActiveRecord: 0.0ms)


Started GET "/session/new" for 127.0.0.1 at 2019-02-05 15:13:08 -0800
Processing by SessionsController#new as HTML
  Rendering sessions/new.html.erb within layouts/application
  Rendered sessions/new.html.erb within layouts/application (1.1ms)
Completed 200 OK in 35ms (Views: 34.2ms | ActiveRecord: 0.0ms)


Started GET "/session/new" for 127.0.0.1 at 2019-02-05 15:13:08 -0800
Processing by SessionsController#new as HTML
  Rendering sessions/new.html.erb within layouts/application
  Rendered sessions/new.html.erb within layouts/application (1.0ms)
Completed 200 OK in 34ms (Views: 33.2ms | ActiveRecord: 0.0ms)


Started GET "/users/new" for 127.0.0.1 at 2019-02-05 15:13:12 -0800
Processing by UsersController#new as HTML
  Rendering users/new.html.erb within layouts/application
  Rendered users/new.html.erb within layouts/application (1.6ms)
Completed 200 OK in 38ms (Views: 32.4ms | ActiveRecord: 0.0ms)


Started POST "/subs" for 127.0.0.1 at 2019-02-05 15:13:18 -0800
Processing by SubsController#create as HTML
  Parameters: {"authenticity_token"=>"QxUg+4M0Lr79JxdR56X5lHqseMw3lxsJmf0G/F8EPsDLAdkKl9ARa8GvC/FeFo6bKOJQS8QYeJjrc8Q+A0amKA==", "user"=>{"username"=>"romebell", "password"=>"[FILTERED]"}}
  [1m[36mUser Load (2.0ms)[0m  [1m[34mSELECT  "users".* FROM "users" WHERE "users"."session_token" IS NULL LIMIT $1[0m  [["LIMIT", 1]]
  ↳ app/controllers/application_controller.rb:12
Redirected to http://localhost:3000/session/new
Filter chain halted as :require_login rendered or redirected
Completed 302 Found in 14ms (ActiveRecord: 8.9ms)


Started GET "/session/new" for 127.0.0.1 at 2019-02-05 15:13:18 -0800
Processing by SessionsController#new as HTML
  Rendering sessions/new.html.erb within layouts/application
  Rendered sessions/new.html.erb within layouts/application (1.0ms)
Completed 200 OK in 29ms (Views: 28.5ms | ActiveRecord: 0.0ms)


Started GET "/users/new" for 127.0.0.1 at 2019-02-05 15:13:53 -0800
Processing by UsersController#new as HTML
  Rendering users/new.html.erb within layouts/application
  Rendered users/new.html.erb within layouts/application (1.2ms)
Completed 200 OK in 41ms (Views: 35.0ms | ActiveRecord: 0.0ms)


Started GET "/session/new" for 127.0.0.1 at 2019-02-05 15:13:58 -0800
Processing by SessionsController#new as HTML
  Rendering sessions/new.html.erb within layouts/application
  Rendered sessions/new.html.erb within layouts/application (1.8ms)
Completed 200 OK in 41ms (Views: 40.6ms | ActiveRecord: 0.0ms)


Started GET "/users/new" for 127.0.0.1 at 2019-02-05 15:14:00 -0800
Processing by UsersController#new as HTML
  Rendering users/new.html.erb within layouts/application
  Rendered users/new.html.erb within layouts/application (1.6ms)
Completed 200 OK in 53ms (Views: 48.5ms | ActiveRecord: 0.0ms)


Started GET "/session/new" for 127.0.0.1 at 2019-02-05 15:14:00 -0800
Processing by SessionsController#new as HTML
  Rendering sessions/new.html.erb within layouts/application
  Rendered sessions/new.html.erb within layouts/application (1.2ms)
Completed 200 OK in 50ms (Views: 49.7ms | ActiveRecord: 0.0ms)


Started POST "/subs" for 127.0.0.1 at 2019-02-05 15:14:09 -0800
Processing by SubsController#create as HTML
  Parameters: {"authenticity_token"=>"lqMpZ4yjk1kiPXFwqSh13L3/LuEvgyu5Fyw6BUiy8Rket9CWmEesjB61bdAQmwLT77EGZtwMSChlovjHFPBp8Q==", "user"=>{"username"=>"viviene", "password"=>"[FILTERED]"}}
  [1m[36mUser Load (0.9ms)[0m  [1m[34mSELECT  "users".* FROM "users" WHERE "users"."session_token" IS NULL LIMIT $1[0m  [["LIMIT", 1]]
  ↳ app/controllers/application_controller.rb:12
Redirected to http://localhost:3000/session/new
Filter chain halted as :require_login rendered or redirected
Completed 302 Found in 5ms (ActiveRecord: 0.9ms)


Started GET "/session/new" for 127.0.0.1 at 2019-02-05 15:14:09 -0800
Processing by SessionsController#new as HTML
  Rendering sessions/new.html.erb within layouts/application
  Rendered sessions/new.html.erb within layouts/application (0.9ms)
Completed 200 OK in 32ms (Views: 31.1ms | ActiveRecord: 0.0ms)


Started GET "/users/new" for 127.0.0.1 at 2019-02-05 15:14:21 -0800
Processing by UsersController#new as HTML
  Rendering users/new.html.erb within layouts/application
  Rendered users/new.html.erb within layouts/application (1.0ms)
Completed 200 OK in 36ms (Views: 29.4ms | ActiveRecord: 0.0ms)


Started POST "/subs" for 127.0.0.1 at 2019-02-05 15:14:30 -0800
Processing by SubsController#create as HTML
  Parameters: {"authenticity_token"=>"FgF3oJ+2Es2UbyyHG24hscFmUP0qr6y+p+tO3o8SO8CeFY5Ri1ItGKjnMCei3Va+kyh4etkgzy/VZYwc01CjKA==", "user"=>{"username"=>"viviene", "password"=>"[FILTERED]"}}
  [1m[36mUser Load (0.7ms)[0m  [1m[34mSELECT  "users".* FROM "users" WHERE "users"."session_token" IS NULL LIMIT $1[0m  [["LIMIT", 1]]
  ↳ app/controllers/application_controller.rb:12
Redirected to http://localhost:3000/session/new
Filter chain halted as :require_login rendered or redirected
Completed 302 Found in 4ms (ActiveRecord: 0.7ms)


Started GET "/session/new" for 127.0.0.1 at 2019-02-05 15:14:30 -0800
Processing by SessionsController#new as HTML
  Rendering sessions/new.html.erb within layouts/application
  Rendered sessions/new.html.erb within layouts/application (1.3ms)
Completed 200 OK in 34ms (Views: 33.8ms | ActiveRecord: 0.0ms)


Started GET "/users/new" for 127.0.0.1 at 2019-02-05 15:16:15 -0800
Processing by UsersController#new as HTML
  Rendering users/new.html.erb within layouts/application
  Rendered users/new.html.erb within layouts/application (1.4ms)
Completed 200 OK in 88ms (Views: 47.2ms | ActiveRecord: 7.6ms)


Started POST "/subs" for 127.0.0.1 at 2019-02-05 15:16:23 -0800
Processing by SubsController#create as HTML
  Parameters: {"authenticity_token"=>"aV1GJpl61UgvBs3D1W1gYQ0QmhLAfQstPUKpcvp5pJ7hSb/XjZ7qnROO0WNs3hduX16ylTPyaLxPzGuwpjs8dg==", "user"=>{"username"=>"viviene", "password"=>"[FILTERED]"}}
  [1m[36mUser Load (0.5ms)[0m  [1m[34mSELECT  "users".* FROM "users" WHERE "users"."session_token" IS NULL LIMIT $1[0m  [["LIMIT", 1]]
  ↳ app/controllers/application_controller.rb:12
Redirected to http://localhost:3000/session/new
Filter chain halted as :require_login rendered or redirected
Completed 302 Found in 4ms (ActiveRecord: 0.5ms)


Started GET "/session/new" for 127.0.0.1 at 2019-02-05 15:16:23 -0800
Processing by SessionsController#new as HTML
  Rendering sessions/new.html.erb within layouts/application
  Rendered sessions/new.html.erb within layouts/application (1.6ms)
Completed 200 OK in 36ms (Views: 35.6ms | ActiveRecord: 0.0ms)


Started GET "/users/new" for 127.0.0.1 at 2019-02-05 15:16:41 -0800
Processing by UsersController#new as HTML
  Rendering users/new.html.erb within layouts/application
  Rendered users/new.html.erb within layouts/application (1.0ms)
Completed 200 OK in 115ms (Views: 36.0ms | ActiveRecord: 8.7ms)


Started POST "/users" for 127.0.0.1 at 2019-02-05 15:16:50 -0800
Processing by UsersController#create as HTML
  Parameters: {"authenticity_token"=>"TTPmtvGG1ZQCvgz/DEFb1mam/Sl3/9VABOUrIGZZqvzFJx9H5WLqQT42EF+18izZNOjVroRwttF2a+niOhsyFA==", "user"=>{"username"=>"viviene", "password"=>"[FILTERED]"}}
  [1m[35m (0.3ms)[0m  [1m[35mBEGIN[0m
  ↳ app/controllers/users_controller.rb:8
  [1m[36mUser Exists (1.7ms)[0m  [1m[34mSELECT  1 AS one FROM "users" WHERE "users"."username" = $1 LIMIT $2[0m  [["username", "viviene"], ["LIMIT", 1]]
  ↳ app/controllers/users_controller.rb:8
  [1m[36mUser Exists (0.5ms)[0m  [1m[34mSELECT  1 AS one FROM "users" WHERE "users"."session_token" = $1 LIMIT $2[0m  [["session_token", "0czUo0RwGoCife0NZkoXlg"], ["LIMIT", 1]]
  ↳ app/controllers/users_controller.rb:8
  [1m[36mUser Create (17.2ms)[0m  [1m[32mINSERT INTO "users" ("username", "password_digest", "session_token", "created_at", "updated_at") VALUES ($1, $2, $3, $4, $5) RETURNING "id"[0m  [["username", "viviene"], ["password_digest", "$2a$10$nTmcTByLHDiL/Foa1AOSa.UVGyF0886eW4nGiGVTgcx/63AamP8H6"], ["session_token", "0czUo0RwGoCife0NZkoXlg"], ["created_at", "2019-02-05 23:16:50.383170"], ["updated_at", "2019-02-05 23:16:50.383170"]]
  ↳ app/controllers/users_controller.rb:8
  [1m[35m (0.5ms)[0m  [1m[35mCOMMIT[0m
  ↳ app/controllers/users_controller.rb:8
  [1m[35m (0.2ms)[0m  [1m[35mBEGIN[0m
  ↳ app/models/user.rb:54
  [1m[36mUser Exists (0.8ms)[0m  [1m[34mSELECT  1 AS one FROM "users" WHERE "users"."username" = $1 AND "users"."id" != $2 LIMIT $3[0m  [["username", "viviene"], ["id", 1], ["LIMIT", 1]]
  ↳ app/models/user.rb:54
  [1m[36mUser Exists (0.7ms)[0m  [1m[34mSELECT  1 AS one FROM "users" WHERE "users"."session_token" = $1 AND "users"."id" != $2 LIMIT $3[0m  [["session_token", "6QWPo0rvcm4f18l9zz9tvg"], ["id", 1], ["LIMIT", 1]]
  ↳ app/models/user.rb:54
  [1m[36mUser Update (18.9ms)[0m  [1m[33mUPDATE "users" SET "session_token" = $1, "updated_at" = $2 WHERE "users"."id" = $3[0m  [["session_token", "6QWPo0rvcm4f18l9zz9tvg"], ["updated_at", "2019-02-05 23:16:50.408949"], ["id", 1]]
  ↳ app/models/user.rb:54
  [1m[35m (0.6ms)[0m  [1m[35mCOMMIT[0m
  ↳ app/models/user.rb:54
Redirected to http://localhost:3000/subs
Completed 302 Found in 175ms (ActiveRecord: 41.4ms)


Started GET "/subs" for 127.0.0.1 at 2019-02-05 15:16:50 -0800
Processing by SubsController#index as HTML
  [1m[36mUser Load (0.4ms)[0m  [1m[34mSELECT  "users".* FROM "users" WHERE "users"."session_token" = $1 LIMIT $2[0m  [["session_token", "6QWPo0rvcm4f18l9zz9tvg"], ["LIMIT", 1]]
  ↳ app/controllers/application_controller.rb:12
  Rendering subs/index.html.erb within layouts/application
  Rendered subs/index.html.erb within layouts/application (0.5ms)
Completed 200 OK in 75ms (Views: 28.2ms | ActiveRecord: 0.7ms)


Started GET "/subs" for 127.0.0.1 at 2019-02-05 15:19:08 -0800
Processing by SubsController#index as HTML
  [1m[36mUser Load (0.5ms)[0m  [1m[34mSELECT  "users".* FROM "users" WHERE "users"."session_token" = $1 LIMIT $2[0m  [["session_token", "6QWPo0rvcm4f18l9zz9tvg"], ["LIMIT", 1]]
  ↳ app/controllers/application_controller.rb:12
  Rendering subs/index.html.erb within layouts/application
  Rendered subs/index.html.erb within layouts/application (0.6ms)
Completed 200 OK in 35ms (Views: 31.0ms | ActiveRecord: 0.5ms)


Started GET "/users/new" for 127.0.0.1 at 2019-02-05 15:19:09 -0800
Processing by UsersController#new as HTML
  Rendering users/new.html.erb within layouts/application
  Rendered users/new.html.erb within layouts/application (1.3ms)
Completed 200 OK in 36ms (Views: 31.9ms | ActiveRecord: 0.0ms)


Started GET "/session/new" for 127.0.0.1 at 2019-02-05 15:19:11 -0800
Processing by SessionsController#new as HTML
  Rendering sessions/new.html.erb within layouts/application
  Rendered sessions/new.html.erb within layouts/application (1.0ms)
Completed 200 OK in 39ms (Views: 38.1ms | ActiveRecord: 0.0ms)


Started GET "/session/new" for 127.0.0.1 at 2019-02-05 15:19:11 -0800
Processing by SessionsController#new as HTML
  Rendering sessions/new.html.erb within layouts/application
  Rendered sessions/new.html.erb within layouts/application (1.2ms)
Completed 200 OK in 34ms (Views: 33.1ms | ActiveRecord: 0.0ms)


Started POST "/session" for 127.0.0.1 at 2019-02-05 15:19:20 -0800
Processing by SessionsController#create as HTML
  Parameters: {"authenticity_token"=>"qiMqXnIWBUR2/lmJzX3q3C6qE06imbUGSFRoIlZuDhsiN9OvZvI6kUp2RSl0zp3TfOQ7yVEW1pc62qrgCiyW8w==", "user"=>{"username"=>"viviene", "password"=>"[FILTERED]"}}
  [1m[36mUser Load (0.6ms)[0m  [1m[34mSELECT  "users".* FROM "users" WHERE "users"."username" = $1 LIMIT $2[0m  [["username", "viviene"], ["LIMIT", 1]]
  ↳ app/models/user.rb:33
  [1m[35m (0.3ms)[0m  [1m[35mBEGIN[0m
  ↳ app/models/user.rb:54
  [1m[36mUser Exists (0.8ms)[0m  [1m[34mSELECT  1 AS one FROM "users" WHERE "users"."username" = $1 AND "users"."id" != $2 LIMIT $3[0m  [["username", "viviene"], ["id", 1], ["LIMIT", 1]]
  ↳ app/models/user.rb:54
  [1m[36mUser Exists (0.5ms)[0m  [1m[34mSELECT  1 AS one FROM "users" WHERE "users"."session_token" = $1 AND "users"."id" != $2 LIMIT $3[0m  [["session_token", "H1Ogqv0w5068N98C-ccaZQ"], ["id", 1], ["LIMIT", 1]]
  ↳ app/models/user.rb:54
  [1m[36mUser Update (0.5ms)[0m  [1m[33mUPDATE "users" SET "session_token" = $1, "updated_at" = $2 WHERE "users"."id" = $3[0m  [["session_token", "H1Ogqv0w5068N98C-ccaZQ"], ["updated_at", "2019-02-05 23:19:20.605686"], ["id", 1]]
  ↳ app/models/user.rb:54
  [1m[35m (0.5ms)[0m  [1m[35mCOMMIT[0m
  ↳ app/models/user.rb:54
Redirected to http://localhost:3000/subs
Completed 302 Found in 91ms (ActiveRecord: 3.3ms)


Started GET "/subs" for 127.0.0.1 at 2019-02-05 15:19:20 -0800
Processing by SubsController#index as HTML
  [1m[36mUser Load (1.0ms)[0m  [1m[34mSELECT  "users".* FROM "users" WHERE "users"."session_token" = $1 LIMIT $2[0m  [["session_token", "H1Ogqv0w5068N98C-ccaZQ"], ["LIMIT", 1]]
  ↳ app/controllers/application_controller.rb:12
  Rendering subs/index.html.erb within layouts/application
  Rendered subs/index.html.erb within layouts/application (0.5ms)
Completed 200 OK in 34ms (Views: 28.9ms | ActiveRecord: 1.0ms)


Started GET "/session/new" for 127.0.0.1 at 2019-02-05 15:19:35 -0800
Processing by SessionsController#new as HTML
  Rendering sessions/new.html.erb within layouts/application
  Rendered sessions/new.html.erb within layouts/application (1.8ms)
Completed 200 OK in 41ms (Views: 40.9ms | ActiveRecord: 0.0ms)


Started POST "/users" for 127.0.0.1 at 2019-02-05 15:19:42 -0800
Processing by UsersController#create as HTML
  Parameters: {"authenticity_token"=>"oytE0ChcsHVpQnrI9S8Ahg1lA/2+aOE5vu2Ye7nO4BgrP70hPLiPoFXKZmhMnHeJXysrek3ngqjMY1q55Yx48A==", "user"=>{"username"=>"viviene", "password"=>"[FILTERED]"}}
  [1m[35m (0.2ms)[0m  [1m[35mBEGIN[0m
  ↳ app/controllers/users_controller.rb:8
  [1m[36mUser Exists (1.0ms)[0m  [1m[34mSELECT  1 AS one FROM "users" WHERE "users"."username" = $1 LIMIT $2[0m  [["username", "viviene"], ["LIMIT", 1]]
  ↳ app/controllers/users_controller.rb:8
  [1m[36mUser Exists (1.1ms)[0m  [1m[34mSELECT  1 AS one FROM "users" WHERE "users"."session_token" = $1 LIMIT $2[0m  [["session_token", "uigSUkfQrlFcHo4agJaU3w"], ["LIMIT", 1]]
  ↳ app/controllers/users_controller.rb:8
  [1m[35m (0.4ms)[0m  [1m[31mROLLBACK[0m
  ↳ app/controllers/users_controller.rb:8
  Rendering users/new.html.erb within layouts/application
  Rendered users/new.html.erb within layouts/application (1.2ms)
Completed 200 OK in 285ms (Views: 31.4ms | ActiveRecord: 2.8ms)


Started GET "/users/new" for 127.0.0.1 at 2019-02-05 15:20:11 -0800
Processing by UsersController#new as HTML
  Rendering users/new.html.erb within layouts/application
  Rendered users/new.html.erb within layouts/application (1.4ms)
Completed 200 OK in 36ms (Views: 31.1ms | ActiveRecord: 0.0ms)


Started POST "/users" for 127.0.0.1 at 2019-02-05 15:20:18 -0800
Processing by UsersController#create as HTML
  Parameters: {"authenticity_token"=>"P3g4G8/bG3zBcdsMkOdP4tQP34/bIEWBqjaB/NoBDKS3bMHq2z8kqf35x6wpVDjthkH3CCivJhDYuEM+hkOUTA==", "user"=>{"username"=>"viviene", "password"=>"[FILTERED]"}}
  [1m[35m (0.2ms)[0m  [1m[35mBEGIN[0m
  ↳ app/controllers/users_controller.rb:8
  [1m[36mUser Exists (0.5ms)[0m  [1m[34mSELECT  1 AS one FROM "users" WHERE "users"."username" = $1 LIMIT $2[0m  [["username", "viviene"], ["LIMIT", 1]]
  ↳ app/controllers/users_controller.rb:8
  [1m[36mUser Exists (0.4ms)[0m  [1m[34mSELECT  1 AS one FROM "users" WHERE "users"."session_token" = $1 LIMIT $2[0m  [["session_token", "QNIPVN6VTQxtrDRs7VBebw"], ["LIMIT", 1]]
  ↳ app/controllers/users_controller.rb:8
  [1m[35m (0.2ms)[0m  [1m[31mROLLBACK[0m
  ↳ app/controllers/users_controller.rb:8
  Rendering users/new.html.erb within layouts/application
  Rendered users/new.html.erb within layouts/application (1.2ms)
Completed 200 OK in 120ms (Views: 37.0ms | ActiveRecord: 1.3ms)


Started POST "/users" for 127.0.0.1 at 2019-02-05 15:20:27 -0800
Processing by UsersController#create as HTML
  Parameters: {"authenticity_token"=>"4XTDcZBuwSsL/ic16HTrLRcwOt4gG5uN59k3qUjo6GZpYDqAhIr+/jd2O5VRx5wiRX4SWdOU+ByVV/VrFKpwjg==", "user"=>{"username"=>"viviene", "password"=>"[FILTERED]"}}
  [1m[35m (0.2ms)[0m  [1m[35mBEGIN[0m
  ↳ app/controllers/users_controller.rb:8
  [1m[36mUser Exists (0.6ms)[0m  [1m[34mSELECT  1 AS one FROM "users" WHERE "users"."username" = $1 LIMIT $2[0m  [["username", "viviene"], ["LIMIT", 1]]
  ↳ app/controllers/users_controller.rb:8
  [1m[36mUser Exists (0.6ms)[0m  [1m[34mSELECT  1 AS one FROM "users" WHERE "users"."session_token" = $1 LIMIT $2[0m  [["session_token", "BT-ezPeFsl9inXY9dNJnZQ"], ["LIMIT", 1]]
  ↳ app/controllers/users_controller.rb:8
  [1m[35m (0.2ms)[0m  [1m[31mROLLBACK[0m
  ↳ app/controllers/users_controller.rb:8
  Rendering users/new.html.erb within layouts/application
  Rendered users/new.html.erb within layouts/application (0.8ms)
Completed 200 OK in 113ms (Views: 26.4ms | ActiveRecord: 1.6ms)


Started GET "/users/new" for 127.0.0.1 at 2019-02-05 15:21:23 -0800
Processing by UsersController#new as HTML
  Rendering users/new.html.erb within layouts/application
  Rendered users/new.html.erb within layouts/application (1.1ms)
Completed 200 OK in 36ms (Views: 32.5ms | ActiveRecord: 0.0ms)


Started GET "/users/new" for 127.0.0.1 at 2019-02-05 15:21:24 -0800
Processing by UsersController#new as HTML
  Rendering users/new.html.erb within layouts/application
  Rendered users/new.html.erb within layouts/application (1.6ms)
Completed 200 OK in 38ms (Views: 32.9ms | ActiveRecord: 0.0ms)


Started GET "/session/new" for 127.0.0.1 at 2019-02-05 15:21:28 -0800
Processing by SessionsController#new as HTML
  Rendering sessions/new.html.erb within layouts/application
  Rendered sessions/new.html.erb within layouts/application (1.5ms)
Completed 200 OK in 38ms (Views: 36.8ms | ActiveRecord: 0.0ms)


Started POST "/session" for 127.0.0.1 at 2019-02-05 15:21:38 -0800
Processing by SessionsController#create as HTML
  Parameters: {"authenticity_token"=>"q9HQJY3eXdPlN/rinAibJ6M5QlCFmMdyBJA/le0WsZ0jxSnUmTpiBtm/5kIlu+wo8Xdq13YXpON2Hv1XsVQpdQ==", "user"=>{"username"=>"viviene", "password"=>"[FILTERED]"}}
  [1m[36mUser Load (1.7ms)[0m  [1m[34mSELECT  "users".* FROM "users" WHERE "users"."username" = $1 LIMIT $2[0m  [["username", "viviene"], ["LIMIT", 1]]
  ↳ app/models/user.rb:33
  [1m[35m (0.3ms)[0m  [1m[35mBEGIN[0m
  ↳ app/models/user.rb:54
  [1m[36mUser Exists (0.6ms)[0m  [1m[34mSELECT  1 AS one FROM "users" WHERE "users"."username" = $1 AND "users"."id" != $2 LIMIT $3[0m  [["username", "viviene"], ["id", 1], ["LIMIT", 1]]
  ↳ app/models/user.rb:54
  [1m[36mUser Exists (0.5ms)[0m  [1m[34mSELECT  1 AS one FROM "users" WHERE "users"."session_token" = $1 AND "users"."id" != $2 LIMIT $3[0m  [["session_token", "Z1vF5kWE_zFD9LMRKAInbw"], ["id", 1], ["LIMIT", 1]]
  ↳ app/models/user.rb:54
  [1m[36mUser Update (0.7ms)[0m  [1m[33mUPDATE "users" SET "session_token" = $1, "updated_at" = $2 WHERE "users"."id" = $3[0m  [["session_token", "Z1vF5kWE_zFD9LMRKAInbw"], ["updated_at", "2019-02-05 23:21:38.956562"], ["id", 1]]
  ↳ app/models/user.rb:54
  [1m[35m (0.5ms)[0m  [1m[35mCOMMIT[0m
  ↳ app/models/user.rb:54
Redirected to http://localhost:3000/subs
Completed 302 Found in 89ms (ActiveRecord: 4.3ms)


Started GET "/subs" for 127.0.0.1 at 2019-02-05 15:21:38 -0800
Processing by SubsController#index as HTML
  [1m[36mUser Load (0.6ms)[0m  [1m[34mSELECT  "users".* FROM "users" WHERE "users"."session_token" = $1 LIMIT $2[0m  [["session_token", "Z1vF5kWE_zFD9LMRKAInbw"], ["LIMIT", 1]]
  ↳ app/controllers/application_controller.rb:12
  Rendering subs/index.html.erb within layouts/application
  Rendered subs/index.html.erb within layouts/application (0.6ms)
Completed 200 OK in 30ms (Views: 25.4ms | ActiveRecord: 0.6ms)


Started GET "/users/new" for 127.0.0.1 at 2019-02-05 15:21:43 -0800
Processing by UsersController#new as HTML
  Rendering users/new.html.erb within layouts/application
  Rendered users/new.html.erb within layouts/application (1.6ms)
Completed 200 OK in 37ms (Views: 32.2ms | ActiveRecord: 0.0ms)


Started POST "/users" for 127.0.0.1 at 2019-02-05 15:21:49 -0800
Processing by UsersController#create as HTML
  Parameters: {"authenticity_token"=>"hLmQhxmkq/Oko/JdyGQAi+ECttpKHGy3Wdem8F6gD7EMrWl2DUCUJpgr7v1x13eEs0yeXbmTDyYrWWQyAuKXWQ==", "user"=>{"username"=>"viviene", "password"=>"[FILTERED]"}}
  [1m[35m (0.2ms)[0m  [1m[35mBEGIN[0m
  ↳ app/controllers/users_controller.rb:8
  [1m[36mUser Exists (0.5ms)[0m  [1m[34mSELECT  1 AS one FROM "users" WHERE "users"."username" = $1 LIMIT $2[0m  [["username", "viviene"], ["LIMIT", 1]]
  ↳ app/controllers/users_controller.rb:8
  [1m[36mUser Exists (0.5ms)[0m  [1m[34mSELECT  1 AS one FROM "users" WHERE "users"."session_token" = $1 LIMIT $2[0m  [["session_token", "GXB7ReU1RIzrSe8pU8J5Rw"], ["LIMIT", 1]]
  ↳ app/controllers/users_controller.rb:8
  [1m[35m (0.2ms)[0m  [1m[31mROLLBACK[0m
  ↳ app/controllers/users_controller.rb:8
  Rendering users/new.html.erb within layouts/application
  Rendered users/new.html.erb within layouts/application (1.0ms)
Completed 200 OK in 126ms (Views: 38.6ms | ActiveRecord: 1.5ms)


Started GET "/session/new" for 127.0.0.1 at 2019-02-05 15:29:43 -0800
Processing by SessionsController#new as HTML
  Rendering sessions/new.html.erb within layouts/application
  Rendered sessions/new.html.erb within layouts/application (0.9ms)
Completed 200 OK in 38ms (Views: 37.1ms | ActiveRecord: 0.0ms)


Started POST "/session" for 127.0.0.1 at 2019-02-05 15:29:49 -0800
Processing by SessionsController#create as HTML
  Parameters: {"authenticity_token"=>"QI9PzI5gsUdWGAtWPoFulvjqW3BCXjuWoCKUJTuZjpHIm7Y9moSOkmqQF/aHMhmZqqRz97HRWAfSrFbnZ9sWeQ==", "user"=>{"username"=>"skadjf; ", "password"=>"[FILTERED]"}}
  [1m[36mUser Load (2.7ms)[0m  [1m[34mSELECT  "users".* FROM "users" WHERE "users"."username" = $1 LIMIT $2[0m  [["username", "skadjf; "], ["LIMIT", 1]]
  ↳ app/models/user.rb:33
  Rendering sessions/new.html.erb within layouts/application
  Rendered sessions/new.html.erb within layouts/application (1.9ms)
Completed 200 OK in 45ms (Views: 32.3ms | ActiveRecord: 10.1ms)


  [1m[35m (0.3ms)[0m  [1m[34mSELECT pg_try_advisory_lock(47923286702875395)[0m
  ↳ bin/rails:9
  [1m[35m (18.1ms)[0m  [1m[34mSELECT "schema_migrations"."version" FROM "schema_migrations" ORDER BY "schema_migrations"."version" ASC[0m
  ↳ bin/rails:9
Migrating to CreateComments (20190205233459)
  [1m[35m (0.2ms)[0m  [1m[35mBEGIN[0m
  ↳ bin/rails:9
  [1m[35m (69.5ms)[0m  [1m[35mCREATE TABLE "comments" ("id" bigserial primary key, "content" character varying NOT NULL, "author_id" integer NOT NULL, "post_id" integer NOT NULL, "created_at" timestamp NOT NULL, "updated_at" timestamp NOT NULL)[0m
  ↳ db/migrate/20190205233459_create_comments.rb:3
  [1m[35m (1.4ms)[0m  [1m[35mCREATE  INDEX  "index_comments_on_author_id" ON "comments"  ("author_id")[0m
  ↳ db/migrate/20190205233459_create_comments.rb:9
  [1m[35m (1.3ms)[0m  [1m[35mCREATE  INDEX  "index_comments_on_post_id" ON "comments"  ("post_id")[0m
  ↳ db/migrate/20190205233459_create_comments.rb:10
  [1m[36mActiveRecord::SchemaMigration Create (0.6ms)[0m  [1m[32mINSERT INTO "schema_migrations" ("version") VALUES ($1) RETURNING "version"[0m  [["version", "20190205233459"]]
  ↳ bin/rails:9
  [1m[35m (1.5ms)[0m  [1m[35mCOMMIT[0m
  ↳ bin/rails:9
  [1m[36mActiveRecord::InternalMetadata Load (0.6ms)[0m  [1m[34mSELECT  "ar_internal_metadata".* FROM "ar_internal_metadata" WHERE "ar_internal_metadata"."key" = $1 LIMIT $2[0m  [["key", "environment"], ["LIMIT", 1]]
  ↳ bin/rails:9
  [1m[35m (0.2ms)[0m  [1m[35mBEGIN[0m
  ↳ bin/rails:9
  [1m[35m (0.3ms)[0m  [1m[35mCOMMIT[0m
  ↳ bin/rails:9
  [1m[35m (0.6ms)[0m  [1m[34mSELECT pg_advisory_unlock(47923286702875395)[0m
  ↳ bin/rails:9
  [1m[35m (0.3ms)[0m  [1m[34mSELECT "schema_migrations"."version" FROM "schema_migrations" ORDER BY "schema_migrations"."version" ASC[0m
  ↳ bin/rails:9
  [1m[35m (1.1ms)[0m  [1m[34mSELECT "schema_migrations"."version" FROM "schema_migrations" ORDER BY "schema_migrations"."version" ASC[0m
  ↳ /usr/local/var/rbenv/versions/2.5.0/bin/annotate:23
Started GET "/session" for 127.0.0.1 at 2019-02-05 16:34:30 -0800
  [1m[35m (2.0ms)[0m  [1m[34mSELECT "schema_migrations"."version" FROM "schema_migrations" ORDER BY "schema_migrations"."version" ASC[0m
  ↳ /usr/local/var/rbenv/versions/2.5.0/lib/ruby/gems/2.5.0/gems/activerecord-5.2.2/lib/active_record/log_subscriber.rb:98
  
ActionController::RoutingError (No route matches [GET] "/session"):
  
actionpack (5.2.2) lib/action_dispatch/middleware/debug_exceptions.rb:65:in `call'
web-console (3.7.0) lib/web_console/middleware.rb:135:in `call_app'
web-console (3.7.0) lib/web_console/middleware.rb:30:in `block in call'
web-console (3.7.0) lib/web_console/middleware.rb:20:in `catch'
web-console (3.7.0) lib/web_console/middleware.rb:20:in `call'
actionpack (5.2.2) lib/action_dispatch/middleware/show_exceptions.rb:33:in `call'
railties (5.2.2) lib/rails/rack/logger.rb:38:in `call_app'
railties (5.2.2) lib/rails/rack/logger.rb:26:in `block in call'
activesupport (5.2.2) lib/active_support/tagged_logging.rb:71:in `block in tagged'
activesupport (5.2.2) lib/active_support/tagged_logging.rb:28:in `tagged'
activesupport (5.2.2) lib/active_support/tagged_logging.rb:71:in `tagged'
railties (5.2.2) lib/rails/rack/logger.rb:26:in `call'
sprockets-rails (3.2.1) lib/sprockets/rails/quiet_assets.rb:13:in `call'
actionpack (5.2.2) lib/action_dispatch/middleware/remote_ip.rb:81:in `call'
actionpack (5.2.2) lib/action_dispatch/middleware/request_id.rb:27:in `call'
rack (2.0.6) lib/rack/method_override.rb:22:in `call'
rack (2.0.6) lib/rack/runtime.rb:22:in `call'
activesupport (5.2.2) lib/active_support/cache/strategy/local_cache_middleware.rb:29:in `call'
actionpack (5.2.2) lib/action_dispatch/middleware/executor.rb:14:in `call'
actionpack (5.2.2) lib/action_dispatch/middleware/static.rb:127:in `call'
rack (2.0.6) lib/rack/sendfile.rb:111:in `call'
railties (5.2.2) lib/rails/engine.rb:524:in `call'
puma (3.12.0) lib/puma/configuration.rb:225:in `call'
puma (3.12.0) lib/puma/server.rb:658:in `handle_request'
puma (3.12.0) lib/puma/server.rb:472:in `process_client'
puma (3.12.0) lib/puma/server.rb:332:in `block in run'
puma (3.12.0) lib/puma/thread_pool.rb:133:in `block in spawn_thread'
Started GET "/users/new" for 127.0.0.1 at 2019-02-05 16:34:31 -0800
Processing by UsersController#new as HTML
  Rendering users/new.html.erb within layouts/application
  Rendered users/new.html.erb within layouts/application (1.2ms)
Completed 200 OK in 271ms (Views: 217.1ms | ActiveRecord: 13.5ms)


Started GET "/users/new" for 127.0.0.1 at 2019-02-05 16:34:41 -0800
Processing by UsersController#new as HTML
  Rendering users/new.html.erb within layouts/application
  Rendered users/new.html.erb within layouts/application (1.2ms)
Completed 200 OK in 38ms (Views: 33.5ms | ActiveRecord: 0.0ms)


Started GET "/users/new" for 127.0.0.1 at 2019-02-05 16:34:41 -0800
Processing by UsersController#new as HTML
  Rendering users/new.html.erb within layouts/application
  Rendered users/new.html.erb within layouts/application (1.6ms)
Completed 200 OK in 46ms (Views: 42.8ms | ActiveRecord: 0.0ms)


Started POST "/users" for 127.0.0.1 at 2019-02-05 16:35:25 -0800
Processing by UsersController#create as HTML
  Parameters: {"authenticity_token"=>"5D5A4m8HLFLpFnlc1EODculQyNi9YVnlDeSnOAs/SW9sKrkTe+MTh9WeZfxt8PR9ux7gX07uOnR/amX6V33Rhw==", "user"=>{"username"=>"newuser", "password"=>"[FILTERED]"}}
  [1m[35m (0.3ms)[0m  [1m[35mBEGIN[0m
  ↳ app/controllers/users_controller.rb:8
  [1m[36mUser Exists (1.6ms)[0m  [1m[34mSELECT  1 AS one FROM "users" WHERE "users"."username" = $1 LIMIT $2[0m  [["username", "newuser"], ["LIMIT", 1]]
  ↳ app/controllers/users_controller.rb:8
  [1m[36mUser Exists (0.6ms)[0m  [1m[34mSELECT  1 AS one FROM "users" WHERE "users"."session_token" = $1 LIMIT $2[0m  [["session_token", "ZeFopHztErH3IUZFodtcAw"], ["LIMIT", 1]]
  ↳ app/controllers/users_controller.rb:8
  [1m[36mUser Create (51.8ms)[0m  [1m[32mINSERT INTO "users" ("username", "password_digest", "session_token", "created_at", "updated_at") VALUES ($1, $2, $3, $4, $5) RETURNING "id"[0m  [["username", "newuser"], ["password_digest", "$2a$10$YTQfBhTJ98T6bzuetyU6ruexkfrGfJRTnYhAeR8cW6p3/Tpyi7xSO"], ["session_token", "ZeFopHztErH3IUZFodtcAw"], ["created_at", "2019-02-06 00:35:25.964105"], ["updated_at", "2019-02-06 00:35:25.964105"]]
  ↳ app/controllers/users_controller.rb:8
  [1m[35m (0.8ms)[0m  [1m[35mCOMMIT[0m
  ↳ app/controllers/users_controller.rb:8
  [1m[35m (0.2ms)[0m  [1m[35mBEGIN[0m
  ↳ app/models/user.rb:54
  [1m[36mUser Exists (0.8ms)[0m  [1m[34mSELECT  1 AS one FROM "users" WHERE "users"."username" = $1 AND "users"."id" != $2 LIMIT $3[0m  [["username", "newuser"], ["id", 2], ["LIMIT", 1]]
  ↳ app/models/user.rb:54
  [1m[36mUser Exists (0.5ms)[0m  [1m[34mSELECT  1 AS one FROM "users" WHERE "users"."session_token" = $1 AND "users"."id" != $2 LIMIT $3[0m  [["session_token", "DzxGYnFNk8_HFjKNjVbqog"], ["id", 2], ["LIMIT", 1]]
  ↳ app/models/user.rb:54
  [1m[36mUser Update (0.9ms)[0m  [1m[33mUPDATE "users" SET "session_token" = $1, "updated_at" = $2 WHERE "users"."id" = $3[0m  [["session_token", "DzxGYnFNk8_HFjKNjVbqog"], ["updated_at", "2019-02-06 00:35:26.024492"], ["id", 2]]
  ↳ app/models/user.rb:54
  [1m[35m (0.5ms)[0m  [1m[35mCOMMIT[0m
  ↳ app/models/user.rb:54
Redirected to http://localhost:3000/subs
Completed 302 Found in 150ms (ActiveRecord: 57.9ms)


Started GET "/subs" for 127.0.0.1 at 2019-02-05 16:35:26 -0800
Processing by SubsController#index as HTML
  [1m[36mUser Load (0.4ms)[0m  [1m[34mSELECT  "users".* FROM "users" WHERE "users"."session_token" = $1 LIMIT $2[0m  [["session_token", "DzxGYnFNk8_HFjKNjVbqog"], ["LIMIT", 1]]
  ↳ app/controllers/application_controller.rb:12
  Rendering subs/index.html.erb within layouts/application
  Rendered subs/index.html.erb within layouts/application (0.5ms)
Completed 200 OK in 79ms (Views: 34.5ms | ActiveRecord: 6.6ms)


Started GET "/subs/new" for 127.0.0.1 at 2019-02-05 16:39:21 -0800
Processing by SubsController#new as HTML
  [1m[36mUser Load (0.9ms)[0m  [1m[34mSELECT  "users".* FROM "users" WHERE "users"."session_token" = $1 LIMIT $2[0m  [["session_token", "DzxGYnFNk8_HFjKNjVbqog"], ["LIMIT", 1]]
  ↳ app/controllers/application_controller.rb:12
  Rendering subs/new.html.erb within layouts/application
  Rendered subs/new.html.erb within layouts/application (1.1ms)
Completed 200 OK in 82ms (Views: 41.8ms | ActiveRecord: 5.9ms)


Started POST "/subs" for 127.0.0.1 at 2019-02-05 16:39:57 -0800
Processing by SubsController#create as HTML
  Parameters: {"authenticity_token"=>"EVy7SkNZEVWDJEGdBVj799HZzoODqS+KtHx+grN3mNmZSEK7V70ugL+sXT2864z4g5fmBHAmTBvG8rxA7zUAMQ==", "sub"=>{"title"=>"this is a new sub", "description"=>"app academy sub"}}
  [1m[36mUser Load (0.7ms)[0m  [1m[34mSELECT  "users".* FROM "users" WHERE "users"."session_token" = $1 LIMIT $2[0m  [["session_token", "DzxGYnFNk8_HFjKNjVbqog"], ["LIMIT", 1]]
  ↳ app/controllers/application_controller.rb:12
  [1m[35m (0.5ms)[0m  [1m[35mBEGIN[0m
  ↳ app/controllers/subs_controller.rb:15
  [1m[36mUser Load (0.5ms)[0m  [1m[34mSELECT  "users".* FROM "users" WHERE "users"."id" = $1 LIMIT $2[0m  [["id", 2], ["LIMIT", 1]]
  ↳ app/controllers/subs_controller.rb:15
  [1m[36mSub Create (12.9ms)[0m  [1m[32mINSERT INTO "subs" ("title", "description", "moderator_id", "created_at", "updated_at") VALUES ($1, $2, $3, $4, $5) RETURNING "id"[0m  [["title", "this is a new sub"], ["description", "app academy sub"], ["moderator_id", 2], ["created_at", "2019-02-06 00:39:57.642106"], ["updated_at", "2019-02-06 00:39:57.642106"]]
  ↳ app/controllers/subs_controller.rb:15
  [1m[35m (1.0ms)[0m  [1m[35mCOMMIT[0m
  ↳ app/controllers/subs_controller.rb:15
Redirected to http://localhost:3000/subs/1
Completed 302 Found in 103ms (ActiveRecord: 15.7ms)


Started GET "/subs/1" for 127.0.0.1 at 2019-02-05 16:39:57 -0800
Processing by SubsController#show as HTML
  Parameters: {"id"=>"1"}
  [1m[36mUser Load (0.5ms)[0m  [1m[34mSELECT  "users".* FROM "users" WHERE "users"."session_token" = $1 LIMIT $2[0m  [["session_token", "DzxGYnFNk8_HFjKNjVbqog"], ["LIMIT", 1]]
  ↳ app/controllers/application_controller.rb:12
  [1m[36mSub Load (0.4ms)[0m  [1m[34mSELECT  "subs".* FROM "subs" WHERE "subs"."id" = $1 LIMIT $2[0m  [["id", 1], ["LIMIT", 1]]
  ↳ app/controllers/subs_controller.rb:24
  Rendering subs/show.html.erb within layouts/application
  Rendered subs/show.html.erb within layouts/application (0.5ms)
Completed 200 OK in 39ms (Views: 33.2ms | ActiveRecord: 0.9ms)


Started GET "/subs/1" for 127.0.0.1 at 2019-02-05 16:46:40 -0800
Processing by SubsController#show as HTML
  Parameters: {"id"=>"1"}
  [1m[36mUser Load (1.7ms)[0m  [1m[34mSELECT  "users".* FROM "users" WHERE "users"."session_token" = $1 LIMIT $2[0m  [["session_token", "DzxGYnFNk8_HFjKNjVbqog"], ["LIMIT", 1]]
  ↳ app/controllers/application_controller.rb:12
  [1m[36mSub Load (1.2ms)[0m  [1m[34mSELECT  "subs".* FROM "subs" WHERE "subs"."id" = $1 LIMIT $2[0m  [["id", 1], ["LIMIT", 1]]
  ↳ app/controllers/subs_controller.rb:24
  Rendering subs/show.html.erb within layouts/application
  Rendered subs/show.html.erb within layouts/application (0.5ms)
Completed 200 OK in 49ms (Views: 31.7ms | ActiveRecord: 11.8ms)


Started GET "/subs/1" for 127.0.0.1 at 2019-02-05 16:48:11 -0800
Processing by SubsController#show as HTML
  Parameters: {"id"=>"1"}
  [1m[36mUser Load (0.7ms)[0m  [1m[34mSELECT  "users".* FROM "users" WHERE "users"."session_token" = $1 LIMIT $2[0m  [["session_token", "DzxGYnFNk8_HFjKNjVbqog"], ["LIMIT", 1]]
  ↳ app/controllers/application_controller.rb:12
  [1m[36mSub Load (0.8ms)[0m  [1m[34mSELECT  "subs".* FROM "subs" WHERE "subs"."id" = $1 LIMIT $2[0m  [["id", 1], ["LIMIT", 1]]
  ↳ app/controllers/subs_controller.rb:24
  Rendering subs/show.html.erb within layouts/application
  Rendered subs/show.html.erb within layouts/application (0.6ms)
Completed 200 OK in 114ms (Views: 106.6ms | ActiveRecord: 1.5ms)


Started GET "/subs/1/edit" for 127.0.0.1 at 2019-02-05 16:54:42 -0800
Processing by SubsController#edit as HTML
  Parameters: {"id"=>"1"}
  [1m[36mUser Load (3.2ms)[0m  [1m[34mSELECT  "users".* FROM "users" WHERE "users"."session_token" = $1 LIMIT $2[0m  [["session_token", "DzxGYnFNk8_HFjKNjVbqog"], ["LIMIT", 1]]
  ↳ app/controllers/application_controller.rb:12
  [1m[36mSub Load (0.8ms)[0m  [1m[34mSELECT  "subs".* FROM "subs" WHERE "subs"."id" = $1 LIMIT $2[0m  [["id", 1], ["LIMIT", 1]]
  ↳ app/controllers/subs_controller.rb:28
  Rendering subs/edit.html.erb within layouts/application
  Rendered subs/edit.html.erb within layouts/application (0.9ms)
Completed 200 OK in 58ms (Views: 36.7ms | ActiveRecord: 13.9ms)


Started GET "/subs/1/edit" for 127.0.0.1 at 2019-02-05 16:54:56 -0800
Processing by SubsController#edit as HTML
  Parameters: {"id"=>"1"}
  [1m[36mUser Load (1.0ms)[0m  [1m[34mSELECT  "users".* FROM "users" WHERE "users"."session_token" = $1 LIMIT $2[0m  [["session_token", "DzxGYnFNk8_HFjKNjVbqog"], ["LIMIT", 1]]
  ↳ app/controllers/application_controller.rb:12
  [1m[36mSub Load (0.6ms)[0m  [1m[34mSELECT  "subs".* FROM "subs" WHERE "subs"."id" = $1 LIMIT $2[0m  [["id", 1], ["LIMIT", 1]]
  ↳ app/controllers/subs_controller.rb:28
  Rendering subs/edit.html.erb within layouts/application
  Rendered subs/edit.html.erb within layouts/application (1.3ms)
Completed 200 OK in 57ms (Views: 49.9ms | ActiveRecord: 1.6ms)


Started PATCH "/subs/1" for 127.0.0.1 at 2019-02-05 16:55:20 -0800
Processing by SubsController#update as HTML
  Parameters: {"authenticity_token"=>"SMqSVv0YgUTOu24f8AM1xhemVLZcUI+uOnyPXABbriXA3mun6fy+kfIzcr9JsELJReh8Ma/f7D9I8k2eXBk2zQ==", "sub"=>{"title"=>"this is a new sub", "description"=>"app academy sub corgis"}, "id"=>"1"}
  [1m[36mUser Load (1.3ms)[0m  [1m[34mSELECT  "users".* FROM "users" WHERE "users"."session_token" = $1 LIMIT $2[0m  [["session_token", "DzxGYnFNk8_HFjKNjVbqog"], ["LIMIT", 1]]
  ↳ app/controllers/application_controller.rb:12
  [1m[36mSub Load (0.7ms)[0m  [1m[34mSELECT  "subs".* FROM "subs" WHERE "subs"."moderator_id" = $1 AND "subs"."id" = $2 LIMIT $3[0m  [["moderator_id", 2], ["id", 1], ["LIMIT", 1]]
  ↳ app/controllers/subs_controller.rb:32
  [1m[35m (0.3ms)[0m  [1m[35mBEGIN[0m
  ↳ app/controllers/subs_controller.rb:34
  [1m[36mUser Load (0.5ms)[0m  [1m[34mSELECT  "users".* FROM "users" WHERE "users"."id" = $1 LIMIT $2[0m  [["id", 2], ["LIMIT", 1]]
  ↳ app/controllers/subs_controller.rb:34
  [1m[36mSub Update (0.6ms)[0m  [1m[33mUPDATE "subs" SET "description" = $1, "updated_at" = $2 WHERE "subs"."id" = $3[0m  [["description", "app academy sub corgis"], ["updated_at", "2019-02-06 00:55:20.471157"], ["id", 1]]
  ↳ app/controllers/subs_controller.rb:34
  [1m[35m (0.5ms)[0m  [1m[35mCOMMIT[0m
  ↳ app/controllers/subs_controller.rb:34
Redirected to http://localhost:3000/subs/1
Completed 302 Found in 87ms (ActiveRecord: 4.2ms)


Started GET "/subs/1" for 127.0.0.1 at 2019-02-05 16:55:20 -0800
Processing by SubsController#show as HTML
  Parameters: {"id"=>"1"}
  [1m[36mUser Load (0.5ms)[0m  [1m[34mSELECT  "users".* FROM "users" WHERE "users"."session_token" = $1 LIMIT $2[0m  [["session_token", "DzxGYnFNk8_HFjKNjVbqog"], ["LIMIT", 1]]
  ↳ app/controllers/application_controller.rb:12
  [1m[36mSub Load (0.5ms)[0m  [1m[34mSELECT  "subs".* FROM "subs" WHERE "subs"."id" = $1 LIMIT $2[0m  [["id", 1], ["LIMIT", 1]]
  ↳ app/controllers/subs_controller.rb:24
  Rendering subs/show.html.erb within layouts/application
  Rendered subs/show.html.erb within layouts/application (0.6ms)
Completed 200 OK in 53ms (Views: 45.6ms | ActiveRecord: 0.9ms)


Started GET "/subs" for 127.0.0.1 at 2019-02-05 16:59:50 -0800
Processing by SubsController#index as HTML
  [1m[36mUser Load (0.6ms)[0m  [1m[34mSELECT  "users".* FROM "users" WHERE "users"."session_token" = $1 LIMIT $2[0m  [["session_token", "DzxGYnFNk8_HFjKNjVbqog"], ["LIMIT", 1]]
  ↳ app/controllers/application_controller.rb:12
  Rendering subs/index.html.erb within layouts/application
  [1m[36mSub Load (0.5ms)[0m  [1m[34mSELECT "subs".* FROM "subs"[0m
  ↳ app/views/subs/index.html.erb:4
  Rendered subs/index.html.erb within layouts/application (2.4ms)
Completed 200 OK in 77ms (Views: 68.9ms | ActiveRecord: 1.1ms)


Started GET "/subs" for 127.0.0.1 at 2019-02-05 17:02:47 -0800
Processing by SubsController#index as HTML
  [1m[36mUser Load (0.8ms)[0m  [1m[34mSELECT  "users".* FROM "users" WHERE "users"."session_token" = $1 LIMIT $2[0m  [["session_token", "DzxGYnFNk8_HFjKNjVbqog"], ["LIMIT", 1]]
  ↳ app/controllers/application_controller.rb:12
  Rendering subs/index.html.erb within layouts/application
  [1m[36mSub Load (0.7ms)[0m  [1m[34mSELECT "subs".* FROM "subs"[0m
  ↳ app/views/subs/index.html.erb:4
  Rendered subs/index.html.erb within layouts/application (3.1ms)
Completed 200 OK in 66ms (Views: 59.0ms | ActiveRecord: 1.5ms)


Started GET "/subs/1" for 127.0.0.1 at 2019-02-05 17:02:51 -0800
Processing by SubsController#show as HTML
  Parameters: {"id"=>"1"}
  [1m[36mUser Load (1.7ms)[0m  [1m[34mSELECT  "users".* FROM "users" WHERE "users"."session_token" = $1 LIMIT $2[0m  [["session_token", "DzxGYnFNk8_HFjKNjVbqog"], ["LIMIT", 1]]
  ↳ app/controllers/application_controller.rb:12
  [1m[36mSub Load (0.5ms)[0m  [1m[34mSELECT  "subs".* FROM "subs" WHERE "subs"."id" = $1 LIMIT $2[0m  [["id", 1], ["LIMIT", 1]]
  ↳ app/controllers/subs_controller.rb:24
  Rendering subs/show.html.erb within layouts/application
  Rendered subs/show.html.erb within layouts/application (0.6ms)
Completed 200 OK in 55ms (Views: 46.1ms | ActiveRecord: 2.2ms)


Started GET "/subs" for 127.0.0.1 at 2019-02-05 17:03:10 -0800
Processing by SubsController#index as HTML
  [1m[36mUser Load (0.7ms)[0m  [1m[34mSELECT  "users".* FROM "users" WHERE "users"."session_token" = $1 LIMIT $2[0m  [["session_token", "DzxGYnFNk8_HFjKNjVbqog"], ["LIMIT", 1]]
  ↳ app/controllers/application_controller.rb:12
  Rendering subs/index.html.erb within layouts/application
  [1m[36mSub Load (0.6ms)[0m  [1m[34mSELECT "subs".* FROM "subs"[0m
  ↳ app/views/subs/index.html.erb:4
  Rendered subs/index.html.erb within layouts/application (2.7ms)
Completed 200 OK in 45ms (Views: 39.0ms | ActiveRecord: 1.3ms)


Started GET "/subs/1" for 127.0.0.1 at 2019-02-05 17:03:13 -0800
Processing by SubsController#show as HTML
  Parameters: {"id"=>"1"}
  [1m[36mUser Load (1.8ms)[0m  [1m[34mSELECT  "users".* FROM "users" WHERE "users"."session_token" = $1 LIMIT $2[0m  [["session_token", "DzxGYnFNk8_HFjKNjVbqog"], ["LIMIT", 1]]
  ↳ app/controllers/application_controller.rb:12
  [1m[36mSub Load (2.2ms)[0m  [1m[34mSELECT  "subs".* FROM "subs" WHERE "subs"."id" = $1 LIMIT $2[0m  [["id", 1], ["LIMIT", 1]]
  ↳ app/controllers/subs_controller.rb:24
  Rendering subs/show.html.erb within layouts/application
  Rendered subs/show.html.erb within layouts/application (0.9ms)
Completed 200 OK in 43ms (Views: 32.5ms | ActiveRecord: 3.9ms)


